INFO:Executing minikube start 
INFO:Executing /mnt/windows/Projekte/dyn_tracing/deps/istio-1.7.4/bin/istioctl install --set profile=demo 
INFO:Executing kubectl label namespace default istio-injection=enabled 
INFO:Executing kubectl apply -f /mnt/windows/Projekte/dyn_tracing/deps/istio-1.7.4/samples/bookinfo/platform/kube/bookinfo.yaml && kubectl apply -f /mnt/windows/Projekte/dyn_tracing/deps/istio-1.7.4/samples/bookinfo/networking/bookinfo-gateway.yaml && kubectl apply -f /mnt/windows/Projekte/dyn_tracing/deps/istio-1.7.4/samples/bookinfo/networking/destination-rule-all.yaml && kubectl apply -f /mnt/windows/Projekte/dyn_tracing/deps/istio-1.7.4/samples/bookinfo/networking/destination-rule-all-mtls.yaml  
INFO:Executing /bin/bash -c 'echo $(kubectl get deploy -o name) |{ read -d EOF deploy; for i in $deploy; do kubectl rollout status $i -w --timeout=180s; done; }' 
INFO:Bookinfo is ready.
INFO:Executing kubectl apply -f  https://raw.githubusercontent.com/istio/istio/release-1.7/samples/addons/prometheus.yaml && kubectl apply -f  https://raw.githubusercontent.com/istio/istio/release-1.7/samples/addons/grafana.yaml && kubectl apply -f  https://raw.githubusercontent.com/istio/istio/release-1.7/samples/addons/jaeger.yaml && kubectl apply -f  https://raw.githubusercontent.com/istio/istio/release-1.7/samples/addons/kiali.yaml || kubectl apply -f  https://raw.githubusercontent.com/istio/istio/release-1.7/samples/addons/kiali.yaml 
INFO:Executing /bin/bash -c 'echo $(kubectl get deploy -n istio-system -o name) |{ read -d EOF deploy; for i in $deploy; do kubectl rollout status -n istio-system $i -w --timeout=180s; done; }' 
INFO:Addons are ready.
INFO:Executing kubectl get pods -n istio-system -lapp=prometheus  -o jsonpath={.items[0].metadata.name} 
INFO:Executing kubectl port-forward -n istio-system prometheus-7c8bf6df84-xccg6 9090 
INFO:Executing minikube status 
INFO:Executing minikube ip 
INFO:Ingress Host: 192.168.49.2
INFO:Executing kubectl -n istio-system get service istio-ingressgateway -o jsonpath={.spec.ports[?(@.name=="http2")].nodePort} 
INFO:Ingress Port: 30786
INFO:Gateway: 192.168.49.2:30786
INFO:Executing /mnt/windows/Projekte/dyn_tracing/deps/fortio load -c 1 -qps 25 -t 0 -loglevel Warning http://192.168.49.2:30786/productpage 
INFO:Running Fortio at time 2020-11-16 16:17:58.531816
INFO:Time: 2020-11-16 16:18:26.729000 Latency (ms) 2.477351916376307
INFO:Time: 2020-11-16 16:18:27.733000 Latency (ms) 2.477351916376307
INFO:Time: 2020-11-16 16:18:28.740000 Latency (ms) 2.477351916376307
INFO:Time: 2020-11-16 16:18:29.748000 Latency (ms) 2.477351916376307
INFO:Time: 2020-11-16 16:18:30.759000 Latency (ms) 2.477351916376307
INFO:Time: 2020-11-16 16:18:31.766000 Latency (ms) 2.477351916376307
INFO:Time: 2020-11-16 16:18:32.772000 Latency (ms) 2.477351916376307
INFO:Time: 2020-11-16 16:18:33.782000 Latency (ms) 2.477351916376307
INFO:Time: 2020-11-16 16:18:34.789000 Latency (ms) 2.477351916376307
INFO:Time: 2020-11-16 16:18:35.792000 Latency (ms) 2.477351916376307
INFO:Time: 2020-11-16 16:18:36.799000 Latency (ms) 2.477351916376307
INFO:Time: 2020-11-16 16:18:37.804000 Latency (ms) 2.477351916376307
INFO:Time: 2020-11-16 16:18:38.807000 Latency (ms) 2.477351916376307
INFO:Time: 2020-11-16 16:18:39.859000 Latency (ms) 2.477351916376307
INFO:Time: 2020-11-16 16:18:40.862000 Latency (ms) 2.477351916376307
INFO:Time: 2020-11-16 16:18:41.866000 Latency (ms) 1.5596330275229358
INFO:Time: 2020-11-16 16:18:42.869000 Latency (ms) 1.5596330275229358
INFO:Time: 2020-11-16 16:18:43.872000 Latency (ms) 1.5596330275229358
INFO:Time: 2020-11-16 16:18:44.876000 Latency (ms) 1.5596330275229358
INFO:Time: 2020-11-16 16:18:45.879000 Latency (ms) 1.5596330275229358
INFO:Time: 2020-11-16 16:18:46.883000 Latency (ms) 1.5596330275229358
INFO:Time: 2020-11-16 16:18:47.887000 Latency (ms) 1.5596330275229358
INFO:Time: 2020-11-16 16:18:48.891000 Latency (ms) 1.5596330275229358
INFO:Time: 2020-11-16 16:18:49.894000 Latency (ms) 1.5596330275229358
INFO:Time: 2020-11-16 16:18:50.897000 Latency (ms) 1.5596330275229358
INFO:Time: 2020-11-16 16:18:51.900000 Latency (ms) 1.5596330275229358
INFO:Time: 2020-11-16 16:18:52.904000 Latency (ms) 1.5596330275229358
INFO:Time: 2020-11-16 16:18:53.907000 Latency (ms) 1.5596330275229358
INFO:Time: 2020-11-16 16:18:54.910000 Latency (ms) 1.5596330275229358
INFO:Time: 2020-11-16 16:18:55.912000 Latency (ms) 1.5596330275229358
INFO:Time: 2020-11-16 16:18:56.917000 Latency (ms) 1.9583333333333337
INFO:Time: 2020-11-16 16:18:57.920000 Latency (ms) 1.9583333333333337
INFO:Injecting latency at time 2020-11-16 16:18:58.923227
INFO:Executing kubectl apply -f /mnt/windows/Projekte/dyn_tracing/deps/fault-injection.yaml  
INFO:Time: 2020-11-16 16:18:59.113000 Latency (ms) 1.9583333333333337
INFO:Time: 2020-11-16 16:19:00.162000 Latency (ms) 1.9583333333333337
INFO:Time: 2020-11-16 16:19:01.175000 Latency (ms) 1.9583333333333337
INFO:Time: 2020-11-16 16:19:02.186000 Latency (ms) 1.9583333333333337
INFO:Time: 2020-11-16 16:19:03.196000 Latency (ms) 1.9583333333333337
INFO:Time: 2020-11-16 16:19:04.206000 Latency (ms) 1.9583333333333337
INFO:Time: 2020-11-16 16:19:05.211000 Latency (ms) 1.9583333333333337
INFO:Time: 2020-11-16 16:19:06.215000 Latency (ms) 1.9583333333333337
INFO:Time: 2020-11-16 16:19:07.224000 Latency (ms) 1.9583333333333337
INFO:Time: 2020-11-16 16:19:08.234000 Latency (ms) 1.9583333333333337
INFO:Time: 2020-11-16 16:19:09.244000 Latency (ms) 1.9583333333333337
INFO:Time: 2020-11-16 16:19:10.252000 Latency (ms) 1.9583333333333337
INFO:Time: 2020-11-16 16:19:11.263000 Latency (ms) 1.813186813186813
INFO:Time: 2020-11-16 16:19:12.273000 Latency (ms) 1.813186813186813
INFO:Time: 2020-11-16 16:19:13.285000 Latency (ms) 1.813186813186813
INFO:Time: 2020-11-16 16:19:14.292000 Latency (ms) 1.813186813186813
INFO:Time: 2020-11-16 16:19:15.296000 Latency (ms) 1.813186813186813
INFO:Time: 2020-11-16 16:19:16.300000 Latency (ms) 1.813186813186813
INFO:Time: 2020-11-16 16:19:17.304000 Latency (ms) 1.813186813186813
INFO:Time: 2020-11-16 16:19:18.312000 Latency (ms) 1.813186813186813
INFO:Time: 2020-11-16 16:19:19.319000 Latency (ms) 1.813186813186813
INFO:Time: 2020-11-16 16:19:20.321000 Latency (ms) 1.813186813186813
INFO:Time: 2020-11-16 16:19:21.325000 Latency (ms) 1.813186813186813
INFO:Time: 2020-11-16 16:19:22.333000 Latency (ms) 1.813186813186813
INFO:Time: 2020-11-16 16:19:23.341000 Latency (ms) 1.813186813186813
INFO:Time: 2020-11-16 16:19:24.349000 Latency (ms) 1.813186813186813
INFO:Time: 2020-11-16 16:19:25.356000 Latency (ms) 1.813186813186813
INFO:Time: 2020-11-16 16:19:26.364000 Latency (ms) 74.46524064171123
INFO:Time: 2020-11-16 16:19:27.470000 Latency (ms) 74.46524064171123
INFO:Time: 2020-11-16 16:19:28.480000 Latency (ms) 74.46524064171123
INFO:Time: 2020-11-16 16:19:29.492000 Latency (ms) 74.46524064171123
INFO:Time: 2020-11-16 16:19:30.503000 Latency (ms) 74.46524064171123
INFO:Time: 2020-11-16 16:19:31.515000 Latency (ms) 74.46524064171123
INFO:Time: 2020-11-16 16:19:32.522000 Latency (ms) 74.46524064171123
INFO:Time: 2020-11-16 16:19:33.530000 Latency (ms) 74.46524064171123
INFO:Time: 2020-11-16 16:19:34.540000 Latency (ms) 74.46524064171123
INFO:Time: 2020-11-16 16:19:35.553000 Latency (ms) 74.46524064171123
INFO:Time: 2020-11-16 16:19:36.564000 Latency (ms) 74.46524064171123
INFO:Time: 2020-11-16 16:19:37.575000 Latency (ms) 74.46524064171123
INFO:Time: 2020-11-16 16:19:38.586000 Latency (ms) 74.46524064171123
INFO:Time: 2020-11-16 16:19:39.596000 Latency (ms) 74.46524064171123
INFO:Time: 2020-11-16 16:19:40.606000 Latency (ms) 74.46524064171123
INFO:Time: 2020-11-16 16:19:41.616000 Latency (ms) 72.98387096774194
INFO:Time: 2020-11-16 16:19:42.625000 Latency (ms) 72.98387096774194
INFO:Time: 2020-11-16 16:19:43.634000 Latency (ms) 72.98387096774194
INFO:Time: 2020-11-16 16:19:44.659000 Latency (ms) 72.98387096774194
INFO:Time: 2020-11-16 16:19:45.667000 Latency (ms) 72.98387096774194
INFO:Time: 2020-11-16 16:19:46.676000 Latency (ms) 72.98387096774194
INFO:Time: 2020-11-16 16:19:47.687000 Latency (ms) 72.98387096774194
INFO:Time: 2020-11-16 16:19:48.698000 Latency (ms) 72.98387096774194
INFO:Time: 2020-11-16 16:19:49.709000 Latency (ms) 72.98387096774194
INFO:Time: 2020-11-16 16:19:50.721000 Latency (ms) 72.98387096774194
INFO:Time: 2020-11-16 16:19:51.731000 Latency (ms) 72.98387096774194
INFO:Time: 2020-11-16 16:19:52.738000 Latency (ms) 72.98387096774194
INFO:Time: 2020-11-16 16:19:53.746000 Latency (ms) 72.98387096774194
INFO:Time: 2020-11-16 16:19:54.753000 Latency (ms) 72.98387096774194
INFO:Time: 2020-11-16 16:19:55.760000 Latency (ms) 72.98387096774194
INFO:Time: 2020-11-16 16:19:56.767000 Latency (ms) 74.36548223350255
INFO:Time: 2020-11-16 16:19:57.774000 Latency (ms) 74.36548223350255
INFO:Time: 2020-11-16 16:19:58.787000 Latency (ms) 74.36548223350255
INFO:Removing latency at time 2020-11-16 16:19:59.793848
INFO:Executing kubectl delete -f /mnt/windows/Projekte/dyn_tracing/deps/fault-injection.yaml  
INFO:Time: 2020-11-16 16:19:59.886000 Latency (ms) 74.36548223350255
INFO:Time: 2020-11-16 16:20:00.890000 Latency (ms) 74.36548223350255
INFO:Time: 2020-11-16 16:20:01.898000 Latency (ms) 74.36548223350255
INFO:Time: 2020-11-16 16:20:02.910000 Latency (ms) 74.36548223350255
INFO:Time: 2020-11-16 16:20:03.918000 Latency (ms) 74.36548223350255
INFO:Time: 2020-11-16 16:20:04.923000 Latency (ms) 74.36548223350255
INFO:Time: 2020-11-16 16:20:05.929000 Latency (ms) 74.36548223350255
INFO:Time: 2020-11-16 16:20:06.938000 Latency (ms) 74.36548223350255
INFO:Time: 2020-11-16 16:20:07.949000 Latency (ms) 74.36548223350255
INFO:Time: 2020-11-16 16:20:08.958000 Latency (ms) 74.36548223350255
INFO:Time: 2020-11-16 16:20:09.966000 Latency (ms) 74.36548223350255
INFO:Time: 2020-11-16 16:20:10.973000 Latency (ms) 74.36548223350255
INFO:Time: 2020-11-16 16:20:11.977000 Latency (ms) 1.2093023255813957
INFO:Time: 2020-11-16 16:20:12.982000 Latency (ms) 1.2093023255813957
INFO:Time: 2020-11-16 16:20:14.058000 Latency (ms) 1.2093023255813957
INFO:Time: 2020-11-16 16:20:15.067000 Latency (ms) 1.2093023255813957
INFO:Time: 2020-11-16 16:20:16.074000 Latency (ms) 1.2093023255813957
INFO:Time: 2020-11-16 16:20:17.174000 Latency (ms) 1.2093023255813957
INFO:Time: 2020-11-16 16:20:18.271000 Latency (ms) 1.2093023255813957
INFO:Time: 2020-11-16 16:20:19.358000 Latency (ms) 1.2093023255813957
INFO:Time: 2020-11-16 16:20:20.370000 Latency (ms) 1.2093023255813957
INFO:Time: 2020-11-16 16:20:21.458000 Latency (ms) 1.2093023255813957
INFO:Time: 2020-11-16 16:20:22.471000 Latency (ms) 1.2093023255813957
INFO:Time: 2020-11-16 16:20:23.478000 Latency (ms) 1.2093023255813957
INFO:Time: 2020-11-16 16:20:24.482000 Latency (ms) 1.2093023255813957
INFO:Time: 2020-11-16 16:20:25.489000 Latency (ms) 1.2093023255813957
INFO:Time: 2020-11-16 16:20:26.497000 Latency (ms) 0.36861313868613144
INFO:Time: 2020-11-16 16:20:27.501000 Latency (ms) 0.36861313868613144
INFO:Time: 2020-11-16 16:20:28.508000 Latency (ms) 0.36861313868613144
INFO:Time: 2020-11-16 16:20:29.515000 Latency (ms) 0.36861313868613144
INFO:Time: 2020-11-16 16:20:30.521000 Latency (ms) 0.36861313868613144
INFO:Time: 2020-11-16 16:20:31.528000 Latency (ms) 0.36861313868613144
INFO:Time: 2020-11-16 16:20:32.532000 Latency (ms) 0.36861313868613144
INFO:Time: 2020-11-16 16:20:33.540000 Latency (ms) 0.36861313868613144
INFO:Time: 2020-11-16 16:20:34.551000 Latency (ms) 0.36861313868613144
INFO:Time: 2020-11-16 16:20:35.561000 Latency (ms) 0.36861313868613144
INFO:Time: 2020-11-16 16:20:36.572000 Latency (ms) 0.36861313868613144
INFO:Time: 2020-11-16 16:20:37.583000 Latency (ms) 0.36861313868613144
INFO:Time: 2020-11-16 16:20:38.590000 Latency (ms) 0.36861313868613144
INFO:Time: 2020-11-16 16:20:39.597000 Latency (ms) 0.36861313868613144
INFO:Time: 2020-11-16 16:20:40.606000 Latency (ms) 0.36861313868613144
INFO:Time: 2020-11-16 16:20:41.617000 Latency (ms) 0.33451816745655605
INFO:Time: 2020-11-16 16:20:42.624000 Latency (ms) 0.33451816745655605
INFO:Time: 2020-11-16 16:20:43.632000 Latency (ms) 0.33451816745655605
INFO:Time: 2020-11-16 16:20:44.641000 Latency (ms) 0.33451816745655605
INFO:Time: 2020-11-16 16:20:45.651000 Latency (ms) 0.33451816745655605
INFO:Time: 2020-11-16 16:20:46.662000 Latency (ms) 0.33451816745655605
INFO:Time: 2020-11-16 16:20:47.672000 Latency (ms) 0.33451816745655605
INFO:Time: 2020-11-16 16:20:48.683000 Latency (ms) 0.33451816745655605
INFO:Time: 2020-11-16 16:20:49.704000 Latency (ms) 0.33451816745655605
INFO:Time: 2020-11-16 16:20:50.762000 Latency (ms) 0.33451816745655605
INFO:Time: 2020-11-16 16:20:51.770000 Latency (ms) 0.33451816745655605
INFO:Time: 2020-11-16 16:20:52.777000 Latency (ms) 0.33451816745655605
INFO:Time: 2020-11-16 16:20:53.780000 Latency (ms) 0.33451816745655605
INFO:Time: 2020-11-16 16:20:54.784000 Latency (ms) 0.33451816745655605
INFO:Time: 2020-11-16 16:20:55.789000 Latency (ms) 0.33451816745655605
INFO:Time: 2020-11-16 16:20:56.795000 Latency (ms) 1.5806451612903225
INFO:Time: 2020-11-16 16:20:57.798000 Latency (ms) 1.5806451612903225
INFO:Time: 2020-11-16 16:20:58.803000 Latency (ms) 1.5806451612903225
INFO:Time: 2020-11-16 16:20:59.810000 Latency (ms) 1.5806451612903225
INFO:Done at time 2020-11-16 16:21:00.860334
INFO:Executing minikube delete 
